<?xml version="1.0" encoding="UTF-8"?>
<!-- Generated by org.testng.reporters.JUnitReportReporter -->
<testsuite skipped="0" hostname="LAPTOP-G0BF4AFQ" name="com.symplocehealth.Testcases.TC_Logintest_01" tests="1" failures="0" timestamp="2023-02-02T20:52:57 IST" time="5.989" errors="0">
  <testcase name="loginTest" time="5.989" classname="com.symplocehealth.Testcases.TC_Logintest_01"/>
  <system-out/>
</testsuite> <!-- com.symplocehealth.Testcases.TC_Logintest_01 -->
